<?xml version="1.0" encoding="UTF-8"?>
<!-- Generated by org.testng.reporters.JUnitReportReporter -->
<testsuite skipped="0" hostname="ADOE-20150303CS" name="testng.NewTest" tests="1" failures="0" timestamp="23 六月 2017 09:58:41 GMT" time="4.153" errors="0">
  <testcase name="f" time="4.153" classname="testng.NewTest"/>
</testsuite> <!-- testng.NewTest -->
